<?xml version="1.0" encoding="UTF-8"?>
<!-- Generated by org.testng.reporters.JUnitXMLReporter -->
<testsuite ignored="0" hostname="Small-Pc" failures="0" tests="3" name="Command line test" time="0.848" errors="0" timestamp="2022-09-22T10:11:58 CEST">
  <testcase classname="no.kristiania.http.ClientHttpTest" name="ShouldNotReadStatusCode" time="0.284"/>
  <testcase classname="no.kristiania.http.ClientHttpTest" name="ShouldReadGetHeader" time="0.309"/>
  <testcase classname="no.kristiania.http.ClientHttpTest" name="ShouldReadStatusCode" time="0.212"/>
</testsuite> <!-- Command line test -->
