<?xml version="1.0" encoding="UTF-8"?>
<!-- Generated by org.testng.reporters.JUnitXMLReporter -->
<testsuite ignored="0" hostname="Small-Pc" failures="0" tests="3" name="Command line test" time="0.876" errors="0" timestamp="2022-09-22T10:13:58 CEST">
  <testcase classname="no.kristiania.http.ClientHttpTest" name="ShouldNotReadStatusCode" time="0.432"/>
  <testcase classname="no.kristiania.http.ClientHttpTest" name="ShouldReadGetHeader" time="0.205"/>
  <testcase classname="no.kristiania.http.ClientHttpTest" name="ShouldReadStatusCode" time="0.197"/>
</testsuite> <!-- Command line test -->
