<?xml version="1.0" encoding="UTF-8" ?>
<testsuite tests="3" failures="0" name="no.kristiania.http.ClientHttpTest" time="0.806" errors="0" skipped="0">
  <properties>
[...]
</properties>
  <testcase classname="no.kristiania.http.ClientHttpTest" name="ShouldNotReadStatusCode" time="0.286"/>
  <testcase classname="no.kristiania.http.ClientHttpTest" name="ShouldReadGetHeader" time="0.308"/>
  <testcase classname="no.kristiania.http.ClientHttpTest" name="ShouldReadStatusCode" time="0.212"/>
</testsuite>