<?xml version="1.0" encoding="UTF-8"?>
<testng-results ignored="0" total="3" passed="3" failed="0" skipped="0">
  <reporter-output>
  </reporter-output>
  <suite started-at="2022-09-22T10:13:57 CEST" name="Command line suite" finished-at="2022-09-22T10:13:57 CEST" duration-ms="876">
    <groups>
    </groups>
    <test started-at="2022-09-22T10:13:57 CEST" name="Command line test" finished-at="2022-09-22T10:13:57 CEST" duration-ms="876">
      <class name="no.kristiania.http.ClientHttpTest">
        <test-method signature="ShouldNotReadStatusCode()[pri:0, instance:no.kristiania.http.ClientHttpTest@704d6e83]" started-at="2022-09-22T10:13:57 CEST" name="ShouldNotReadStatusCode" finished-at="2022-09-22T10:13:57 CEST" duration-ms="432" status="PASS">
          <reporter-output>
          </reporter-output>
        </test-method> <!-- ShouldNotReadStatusCode -->
        <test-method signature="ShouldReadGetHeader()[pri:0, instance:no.kristiania.http.ClientHttpTest@704d6e83]" started-at="2022-09-22T10:13:57 CEST" name="ShouldReadGetHeader" finished-at="2022-09-22T10:13:57 CEST" duration-ms="205" status="PASS">
          <reporter-output>
          </reporter-output>
        </test-method> <!-- ShouldReadGetHeader -->
        <test-method signature="ShouldReadStatusCode()[pri:0, instance:no.kristiania.http.ClientHttpTest@704d6e83]" started-at="2022-09-22T10:13:57 CEST" name="ShouldReadStatusCode" finished-at="2022-09-22T10:13:57 CEST" duration-ms="197" status="PASS">
          <reporter-output>
          </reporter-output>
        </test-method> <!-- ShouldReadStatusCode -->
      </class> <!-- no.kristiania.http.ClientHttpTest -->
    </test> <!-- Command line test -->
  </suite> <!-- Command line suite -->
</testng-results>
